INFO 2021-02-11T17:29:35.112 main.cpp:94 [InitializeApplication] Initialized Application 1.2 version
INFO 2021-02-11T17:29:36.612 main.cpp:35 [Descriptions] These log lines are just demonstrating some application logs
INFO 2021-02-11T17:29:36.612 main.cpp:35 [Descriptions] Nothing special, you can imagine that your important app is logging
INFO 2021-02-11T17:29:36.612 main.cpp:35 [Descriptions] This first section is demonstrating a successful run
INFO 2021-02-11T17:29:37.533 proc.cpp:22 [MyProc] Process starts
DEBUG 2021-02-11T17:29:38.111 proc.cpp:89 [MyProc] Process details 1
DEBUG 2021-02-11T17:29:38.222 proc.cpp:89 [MyProc] Process details 2
DEBUG 2021-02-11T17:29:38.333 proc.cpp:89 [MyProc] Process details 3
INFO 2021-02-11T17:29:40.123 proc.cpp:22 [MyProc] Process ends
INFO 2021-02-11T17:29:44.533 proc.cpp:22 [MyProc] Process starts
DEBUG 2021-02-11T17:29:45.111 proc.cpp:89 [MyProc] Process details 1
DEBUG 2021-02-11T17:29:45.222 proc.cpp:89 [MyProc] Process details 2
DEBUG 2021-02-11T17:29:45.333 proc.cpp:89 [MyProc] Process details 3
INFO 2021-02-11T17:29:46.123 proc.cpp:22 [MyProc] Process ends
INFO 2021-02-11T17:29:47.112 main.cpp:94 [FinalizeApplication] Application stop

INFO 2021-02-11T19:04:35.112 main.cpp:94 [InitializeApplication] Initialized Application 1.2 version
INFO 2021-02-11T19:04:36.612 main.cpp:35 [Descriptions] These log lines are just demonstrating some application logs
INFO 2021-02-11T19:04:36.612 main.cpp:35 [Descriptions] Nothing special, you can imagine that your important app is logging
INFO 2021-02-11T19:04:36.612 main.cpp:35 [Descriptions] This second section is demonstrating a crash where the end is not present
INFO 2021-02-11T19:04:37.533 proc.cpp:22 [MyProc] Process starts
DEBUG 2021-02-11T19:04:38.111 proc.cpp:89 [MyProc] Process details 1
DEBUG 2021-02-11T19:04:38.222 proc.cpp:89 [MyProc] Process details 2
DEBUG 2021-02-11T19:04:38.333 proc.cpp:89 [MyProc] Process details 3
INFO 2021-02-11T19:04:40.123 proc.cpp:22 [MyProc] Process ends
INFO 2021-02-11T19:04:44.533 proc.cpp:22 [MyProc] Process starts
DEBUG 2021-02-11T19:04:45.111 proc.cpp:89 [MyProc] Process details 1111111
ERROR 2021-02-11T19:04:46.111 proc.cpp:89 [MyProc] Found wrong process detail of 1111111

INFO 2021-02-11T22:58:35.112 main.cpp:94 [InitializeApplication] Initialized Application 1.3 version
INFO 2021-02-11T22:58:36.612 main.cpp:35 [Descriptions] These log lines are just demonstrating some application logs
INFO 2021-02-11T22:58:36.612 main.cpp:35 [Descriptions] Nothing special, you can imagine that your important app is logging
INFO 2021-02-11T22:58:36.612 main.cpp:35 [Descriptions] This third section is demonstrating a successful run after version upgrade
INFO 2021-02-11T22:58:37.533 proc.cpp:22 [MyProc] Process starts
DEBUG 2021-02-11T22:58:38.111 proc.cpp:89 [MyProc] Process details 1
DEBUG 2021-02-11T22:58:38.222 proc.cpp:89 [MyProc] Process details 2
DEBUG 2021-02-11T22:58:38.333 proc.cpp:89 [MyProc] Process details 3
INFO 2021-02-11T22:58:40.123 proc.cpp:22 [MyProc] Process ends
INFO 2021-02-11T22:58:44.533 proc.cpp:22 [MyProc] Process starts
DEBUG 2021-02-11T22:58:45.111 proc.cpp:89 [MyProc] Process details 1
DEBUG 2021-02-11T22:58:45.222 proc.cpp:89 [MyProc] Process details 2
DEBUG 2021-02-11T22:58:45.333 proc.cpp:89 [MyProc] Process details 3
INFO 2021-02-11T22:58:46.123 proc.cpp:22 [MyProc] Process ends
INFO 2021-02-11T22:58:47.533 proc.cpp:22 [MyProc] Process starts
DEBUG 2021-02-11T22:58:48.111 proc.cpp:89 [MyProc] Process details 1
DEBUG 2021-02-11T22:58:48.222 proc.cpp:89 [MyProc] Process details 2
DEBUG 2021-02-11T22:58:48.333 proc.cpp:89 [MyProc] Process details 3
INFO 2021-02-11T22:58:49.123 proc.cpp:22 [MyProc] Process ends
INFO 2021-02-11T22:58:50.533 proc.cpp:22 [MyProc] Process starts
DEBUG 2021-02-11T22:58:51.111 proc.cpp:89 [MyProc] Process details 1
DEBUG 2021-02-11T22:58:51.222 proc.cpp:89 [MyProc] Process details 2
DEBUG 2021-02-11T22:58:51.333 proc.cpp:89 [MyProc] Process details 3
INFO 2021-02-11T22:58:52.123 proc.cpp:22 [MyProc] Process ends
INFO 2021-02-11T22:58:55.112 main.cpp:94 [FinalizeApplication] Application stop
